  compilation object save succeeded; see E:\Documentos\UFERSA\Disciplinas\Jogos\Labs\Lab17\Trials\Trials\Shaders\Pixel.cso
  compilation object save succeeded; see E:\Documentos\UFERSA\Disciplinas\Jogos\Labs\Lab17\Trials\Trials\Shaders\Vertex.cso
  Animation.cpp
  Audio.cpp
  Engine.cpp
  Font.cpp
  Game.cpp
  Geometry.cpp
  Graphics.cpp
  Image.cpp
  Item.cpp
  Mouse.cpp
  Object.cpp
  Renderer.cpp
  Scene.cpp
  Sound.cpp
  Sprite.cpp
  Texture.cpp
  TileSet.cpp
  Timer.cpp
  Trials.cpp
  Window.cpp
  Gerando Código...
  Trials.vcxproj -> E:\Documentos\UFERSA\Disciplinas\Jogos\Labs\Lab17\Trials\x64\Debug\Trials.exe
